#
# There is insufficient memory for the Java Runtime Environment to continue.
# Native memory allocation (mmap) failed to map 65536 bytes for Failed to commit metaspace.
# Possible reasons:
#   The system is out of physical RAM or swap space
#   The process is running with CompressedOops enabled, and the Java Heap may be blocking the growth of the native heap
# Possible solutions:
#   Reduce memory load on the system
#   Increase physical memory or swap space
#   Check if swap backing store is full
#   Decrease Java heap size (-Xmx/-Xms)
#   Decrease number of Java threads
#   Decrease Java thread stack sizes (-Xss)
#   Set larger code cache with -XX:ReservedCodeCacheSize=
#   JVM is running with Unscaled Compressed Oops mode in which the Java heap is
#     placed in the first 4GB address space. The Java Heap base address is the
#     maximum limit for the native heap growth. Please use -XX:HeapBaseMinAddress
#     to set the Java Heap base and to place the Java Heap above 4GB virtual address.
# This output file may be truncated or incomplete.
#
#  Out of Memory Error (virtualSpaceNode.cpp:110), pid=4028, tid=4156
#
# JRE version: OpenJDK Runtime Environment Temurin-17.0.3+7 (17.0.3+7) (build 17.0.3+7)
# Java VM: OpenJDK 64-Bit Server VM Temurin-17.0.3+7 (17.0.3+7, mixed mode, tiered, compressed oops, compressed class ptrs, g1 gc, windows-amd64)
# No core dump will be written. Minidumps are not enabled by default on client versions of Windows
#

---------------  S U M M A R Y ------------

Command Line: -Dfile.encoding=UTF-8 -XX:+ShowCodeDetailsInExceptionMessages Course.Course

Host: Intel(R) Celeron(R) CPU  N3060  @ 1.60GHz, 2 cores, 3G,  Windows 10 , 64 bit Build 19041 (10.0.19041.2913)
Time: Mon Jun 12 17:40:59 2023 South Africa Standard Time elapsed time: 1.286691 seconds (0d 0h 0m 1s)

---------------  T H R E A D  ---------------

Current thread (0x000001babb03e650):  JavaThread "main" [_thread_in_vm, id=4156, stack(0x0000004916f00000,0x0000004917000000)]

Stack: [0x0000004916f00000,0x0000004917000000]
Native frames: (J=compiled Java code, j=interpreted, Vv=VM code, C=native code)
V  [jvm.dll+0x675efa]
V  [jvm.dll+0x830a24]
V  [jvm.dll+0x8321ce]
V  [jvm.dll+0x832833]
V  [jvm.dll+0x2454b5]
V  [jvm.dll+0x82c9cb]
V  [jvm.dll+0x61ab26]
V  [jvm.dll+0x61ab8a]
V  [jvm.dll+0x61d3aa]
V  [jvm.dll+0x61b4c6]
V  [jvm.dll+0x239a1f]
V  [jvm.dll+0x6252d5]
V  [jvm.dll+0x1ea19b]
V  [jvm.dll+0x1ea6d5]
V  [jvm.dll+0x1eb10f]
V  [jvm.dll+0x1e05b1]
V  [jvm.dll+0x53bb80]
V  [jvm.dll+0x1f0da7]
V  [jvm.dll+0x7aae5b]
V  [jvm.dll+0x7ac202]
V  [jvm.dll+0x7ac538]
V  [jvm.dll+0x23d79e]
V  [jvm.dll+0x37ed5e]
C  0x000001babfecb32b

Java frames: (J=compiled Java code, j=interpreted, Vv=VM code)
j  sun.awt.windows.WComponentPeer.<clinit>()V+27 java.desktop@17.0.3
v  ~StubRoutines::call_stub
j  java.awt.Component.initIDs()V+0 java.desktop@17.0.3
j  java.awt.Component.<clinit>()V+102 java.desktop@17.0.3
v  ~StubRoutines::call_stub
j  sun.awt.windows.WToolkit.initIDs()V+0 java.desktop@17.0.3
j  sun.awt.windows.WToolkit.<clinit>()V+20 java.desktop@17.0.3
v  ~StubRoutines::call_stub
j  sun.awt.PlatformGraphicsInfo.createToolkit()Ljava/awt/Toolkit;+0 java.desktop@17.0.3
j  java.awt.Toolkit.getDefaultToolkit()Ljava/awt/Toolkit;+6 java.desktop@17.0.3
j  java.awt.Toolkit.getEventQueue()Ljava/awt/EventQueue;+0 java.desktop@17.0.3
j  java.awt.EventQueue.invokeLater(Ljava/lang/Runnable;)V+0 java.desktop@17.0.3
j  Course.Course.main([Ljava/lang/String;)V+7
v  ~StubRoutines::call_stub

---------------  P R O C E S S  ---------------

Threads class SMR info:
_java_thread_list=0x000001bad4611ba0, length=12, elements={
0x000001babb03e650, 0x000001bad3acfb50, 0x000001bad3ad13e0, 0x000001bad3af5a50,
0x000001bad3af6510, 0x000001bad3af6fc0, 0x000001bad3af7970, 0x000001bad3af8700,
0x000001bad4510110, 0x000001bad3b8da90, 0x000001bad4607f70, 0x000001bad4626010
}

Java Threads: ( => current thread )
=>0x000001babb03e650 JavaThread "main" [_thread_in_vm, id=4156, stack(0x0000004916f00000,0x0000004917000000)]
  0x000001bad3acfb50 JavaThread "Reference Handler" daemon [_thread_blocked, id=14528, stack(0x0000004917700000,0x0000004917800000)]
  0x000001bad3ad13e0 JavaThread "Finalizer" daemon [_thread_blocked, id=10836, stack(0x0000004917800000,0x0000004917900000)]
  0x000001bad3af5a50 JavaThread "Signal Dispatcher" daemon [_thread_blocked, id=16080, stack(0x0000004917900000,0x0000004917a00000)]
  0x000001bad3af6510 JavaThread "Attach Listener" daemon [_thread_blocked, id=13020, stack(0x0000004917a00000,0x0000004917b00000)]
  0x000001bad3af6fc0 JavaThread "Service Thread" daemon [_thread_blocked, id=15308, stack(0x0000004917b00000,0x0000004917c00000)]
  0x000001bad3af7970 JavaThread "Monitor Deflation Thread" daemon [_thread_blocked, id=11012, stack(0x0000004917c00000,0x0000004917d00000)]
  0x000001bad3af8700 JavaThread "C2 CompilerThread0" daemon [_thread_blocked, id=9348, stack(0x0000004917d00000,0x0000004917e00000)]
  0x000001bad4510110 JavaThread "C1 CompilerThread0" daemon [_thread_blocked, id=10468, stack(0x0000004917e00000,0x0000004917f00000)]
  0x000001bad3b8da90 JavaThread "Sweeper thread" daemon [_thread_blocked, id=4496, stack(0x0000004917f00000,0x0000004918000000)]
  0x000001bad4607f70 JavaThread "Notification Thread" daemon [_thread_blocked, id=6860, stack(0x0000004918000000,0x0000004918100000)]
  0x000001bad4626010 JavaThread "Common-Cleaner" daemon [_thread_blocked, id=12148, stack(0x0000004918200000,0x0000004918300000)]

Other Threads:
  0x000001bad3aeb140 VMThread "VM Thread" [stack: 0x0000004917600000,0x0000004917700000] [id=16112] _threads_hazard_ptr=0x000001bad4611ba0
  0x000001bad4608440 WatcherThread [stack: 0x0000004918100000,0x0000004918200000] [id=11372]
  0x000001babb07acc0 GCTaskThread "GC Thread#0" [stack: 0x0000004917100000,0x0000004917200000] [id=2268]
  0x000001babb083700 ConcurrentGCThread "G1 Main Marker" [stack: 0x0000004917200000,0x0000004917300000] [id=13648]
  0x000001babb084ac0 ConcurrentGCThread "G1 Conc#0" [stack: 0x0000004917300000,0x0000004917400000] [id=14932]
  0x000001babb0bb710 ConcurrentGCThread "G1 Refine#0" [stack: 0x0000004917400000,0x0000004917500000] [id=13576]
  0x000001babb0bcae0 ConcurrentGCThread "G1 Service" [stack: 0x0000004917500000,0x0000004917600000] [id=8660]

Threads with active compile tasks:

VM state: synchronizing (normal execution)

VM Mutex/Monitor currently owned by a thread:  ([mutex/lock_event])
[0x000001babb037e80] Metaspace_lock - owner thread: 0x000001babb03e650
[0x000001babb03af80] Threads_lock - owner thread: 0x000001bad3aeb140

Heap address: 0x00000000c2800000, size: 984 MB, Compressed Oops mode: 32-bit

CDS archive(s) not mapped
Compressed class space mapped at: 0x0000000100000000-0x0000000140000000, reserved size: 1073741824
Narrow klass base: 0x0000000000000000, Narrow klass shift: 3, Narrow klass range: 0x140000000

GC Precious Log:
 CPUs: 2 total, 2 available
 Memory: 3931M
 Large Page Support: Disabled
 NUMA Support: Disabled
 Compressed Oops: Enabled (32-bit)
 Heap Region Size: 1M
 Heap Min Capacity: 8M
 Heap Initial Capacity: 62M
 Heap Max Capacity: 984M
 Pre-touch: Disabled
 Parallel Workers: 2
 Concurrent Workers: 1
 Concurrent Refinement Workers: 2
 Periodic GC: Disabled

Heap:
 garbage-first heap   total 63488K, used 1024K [0x00000000c2800000, 0x0000000100000000)
  region size 1024K, 2 young (2048K), 0 survivors (0K)
 Metaspace       used 8397K, committed 8512K, reserved 1056768K
  class space    used 739K, committed 832K, reserved 1048576K

Heap Regions: E=young(eden), S=young(survivor), O=old, HS=humongous(starts), HC=humongous(continues), CS=collection set, F=free, OA=open archive, CA=closed archive, TAMS=top-at-mark-start (previous, next)
|   0|0x00000000c2800000, 0x00000000c2800000, 0x00000000c2900000|  0%| F|  |TAMS 0x00000000c2800000, 0x00000000c2800000| Untracked 
|   1|0x00000000c2900000, 0x00000000c2900000, 0x00000000c2a00000|  0%| F|  |TAMS 0x00000000c2900000, 0x00000000c2900000| Untracked 
|   2|0x00000000c2a00000, 0x00000000c2a00000, 0x00000000c2b00000|  0%| F|  |TAMS 0x00000000c2a00000, 0x00000000c2a00000| Untracked 
|   3|0x00000000c2b00000, 0x00000000c2b00000, 0x00000000c2c00000|  0%| F|  |TAMS 0x00000000c2b00000, 0x00000000c2b00000| Untracked 
|   4|0x00000000c2c00000, 0x00000000c2c00000, 0x00000000c2d00000|  0%| F|  |TAMS 0x00000000c2c00000, 0x00000000c2c00000| Untracked 
|   5|0x00000000c2d00000, 0x00000000c2d00000, 0x00000000c2e00000|  0%| F|  |TAMS 0x00000000c2d00000, 0x00000000c2d00000| Untracked 
|   6|0x00000000c2e00000, 0x00000000c2e00000, 0x00000000c2f00000|  0%| F|  |TAMS 0x00000000c2e00000, 0x00000000c2e00000| Untracked 
|   7|0x00000000c2f00000, 0x00000000c2f00000, 0x00000000c3000000|  0%| F|  |TAMS 0x00000000c2f00000, 0x00000000c2f00000| Untracked 
|   8|0x00000000c3000000, 0x00000000c3000000, 0x00000000c3100000|  0%| F|  |TAMS 0x00000000c3000000, 0x00000000c3000000| Untracked 
|   9|0x00000000c3100000, 0x00000000c3100000, 0x00000000c3200000|  0%| F|  |TAMS 0x00000000c3100000, 0x00000000c3100000| Untracked 
|  10|0x00000000c3200000, 0x00000000c3200000, 0x00000000c3300000|  0%| F|  |TAMS 0x00000000c3200000, 0x00000000c3200000| Untracked 
|  11|0x00000000c3300000, 0x00000000c3300000, 0x00000000c3400000|  0%| F|  |TAMS 0x00000000c3300000, 0x00000000c3300000| Untracked 
|  12|0x00000000c3400000, 0x00000000c3400000, 0x00000000c3500000|  0%| F|  |TAMS 0x00000000c3400000, 0x00000000c3400000| Untracked 
|  13|0x00000000c3500000, 0x00000000c3500000, 0x00000000c3600000|  0%| F|  |TAMS 0x00000000c3500000, 0x00000000c3500000| Untracked 
|  14|0x00000000c3600000, 0x00000000c3600000, 0x00000000c3700000|  0%| F|  |TAMS 0x00000000c3600000, 0x00000000c3600000| Untracked 
|  15|0x00000000c3700000, 0x00000000c3700000, 0x00000000c3800000|  0%| F|  |TAMS 0x00000000c3700000, 0x00000000c3700000| Untracked 
|  16|0x00000000c3800000, 0x00000000c3800000, 0x00000000c3900000|  0%| F|  |TAMS 0x00000000c3800000, 0x00000000c3800000| Untracked 
|  17|0x00000000c3900000, 0x00000000c3900000, 0x00000000c3a00000|  0%| F|  |TAMS 0x00000000c3900000, 0x00000000c3900000| Untracked 
|  18|0x00000000c3a00000, 0x00000000c3a00000, 0x00000000c3b00000|  0%| F|  |TAMS 0x00000000c3a00000, 0x00000000c3a00000| Untracked 
|  19|0x00000000c3b00000, 0x00000000c3b00000, 0x00000000c3c00000|  0%| F|  |TAMS 0x00000000c3b00000, 0x00000000c3b00000| Untracked 
|  20|0x00000000c3c00000, 0x00000000c3c00000, 0x00000000c3d00000|  0%| F|  |TAMS 0x00000000c3c00000, 0x00000000c3c00000| Untracked 
|  21|0x00000000c3d00000, 0x00000000c3d00000, 0x00000000c3e00000|  0%| F|  |TAMS 0x00000000c3d00000, 0x00000000c3d00000| Untracked 
|  22|0x00000000c3e00000, 0x00000000c3e00000, 0x00000000c3f00000|  0%| F|  |TAMS 0x00000000c3e00000, 0x00000000c3e00000| Untracked 
|  23|0x00000000c3f00000, 0x00000000c3f00000, 0x00000000c4000000|  0%| F|  |TAMS 0x00000000c3f00000, 0x00000000c3f00000| Untracked 
|  24|0x00000000c4000000, 0x00000000c4000000, 0x00000000c4100000|  0%| F|  |TAMS 0x00000000c4000000, 0x00000000c4000000| Untracked 
|  25|0x00000000c4100000, 0x00000000c4100000, 0x00000000c4200000|  0%| F|  |TAMS 0x00000000c4100000, 0x00000000c4100000| Untracked 
|  26|0x00000000c4200000, 0x00000000c4200000, 0x00000000c4300000|  0%| F|  |TAMS 0x00000000c4200000, 0x00000000c4200000| Untracked 
|  27|0x00000000c4300000, 0x00000000c4300000, 0x00000000c4400000|  0%| F|  |TAMS 0x00000000c4300000, 0x00000000c4300000| Untracked 
|  28|0x00000000c4400000, 0x00000000c4400000, 0x00000000c4500000|  0%| F|  |TAMS 0x00000000c4400000, 0x00000000c4400000| Untracked 
|  29|0x00000000c4500000, 0x00000000c4500000, 0x00000000c4600000|  0%| F|  |TAMS 0x00000000c4500000, 0x00000000c4500000| Untracked 
|  30|0x00000000c4600000, 0x00000000c4600000, 0x00000000c4700000|  0%| F|  |TAMS 0x00000000c4600000, 0x00000000c4600000| Untracked 
|  31|0x00000000c4700000, 0x00000000c4700000, 0x00000000c4800000|  0%| F|  |TAMS 0x00000000c4700000, 0x00000000c4700000| Untracked 
|  32|0x00000000c4800000, 0x00000000c4800000, 0x00000000c4900000|  0%| F|  |TAMS 0x00000000c4800000, 0x00000000c4800000| Untracked 
|  33|0x00000000c4900000, 0x00000000c4900000, 0x00000000c4a00000|  0%| F|  |TAMS 0x00000000c4900000, 0x00000000c4900000| Untracked 
|  34|0x00000000c4a00000, 0x00000000c4a00000, 0x00000000c4b00000|  0%| F|  |TAMS 0x00000000c4a00000, 0x00000000c4a00000| Untracked 
|  35|0x00000000c4b00000, 0x00000000c4b00000, 0x00000000c4c00000|  0%| F|  |TAMS 0x00000000c4b00000, 0x00000000c4b00000| Untracked 
|  36|0x00000000c4c00000, 0x00000000c4c00000, 0x00000000c4d00000|  0%| F|  |TAMS 0x00000000c4c00000, 0x00000000c4c00000| Untracked 
|  37|0x00000000c4d00000, 0x00000000c4d00000, 0x00000000c4e00000|  0%| F|  |TAMS 0x00000000c4d00000, 0x00000000c4d00000| Untracked 
|  38|0x00000000c4e00000, 0x00000000c4e00000, 0x00000000c4f00000|  0%| F|  |TAMS 0x00000000c4e00000, 0x00000000c4e00000| Untracked 
|  39|0x00000000c4f00000, 0x00000000c4f00000, 0x00000000c5000000|  0%| F|  |TAMS 0x00000000c4f00000, 0x00000000c4f00000| Untracked 
|  40|0x00000000c5000000, 0x00000000c5000000, 0x00000000c5100000|  0%| F|  |TAMS 0x00000000c5000000, 0x00000000c5000000| Untracked 
|  41|0x00000000c5100000, 0x00000000c5100000, 0x00000000c5200000|  0%| F|  |TAMS 0x00000000c5100000, 0x00000000c5100000| Untracked 
|  42|0x00000000c5200000, 0x00000000c5200000, 0x00000000c5300000|  0%| F|  |TAMS 0x00000000c5200000, 0x00000000c5200000| Untracked 
|  43|0x00000000c5300000, 0x00000000c5300000, 0x00000000c5400000|  0%| F|  |TAMS 0x00000000c5300000, 0x00000000c5300000| Untracked 
|  44|0x00000000c5400000, 0x00000000c5400000, 0x00000000c5500000|  0%| F|  |TAMS 0x00000000c5400000, 0x00000000c5400000| Untracked 
|  45|0x00000000c5500000, 0x00000000c5500000, 0x00000000c5600000|  0%| F|  |TAMS 0x00000000c5500000, 0x00000000c5500000| Untracked 
|  46|0x00000000c5600000, 0x00000000c5600000, 0x00000000c5700000|  0%| F|  |TAMS 0x00000000c5600000, 0x00000000c5600000| Untracked 
|  47|0x00000000c5700000, 0x00000000c5700000, 0x00000000c5800000|  0%| F|  |TAMS 0x00000000c5700000, 0x00000000c5700000| Untracked 
|  48|0x00000000c5800000, 0x00000000c5800000, 0x00000000c5900000|  0%| F|  |TAMS 0x00000000c5800000, 0x00000000c5800000| Untracked 
|  49|0x00000000c5900000, 0x00000000c5900000, 0x00000000c5a00000|  0%| F|  |TAMS 0x00000000c5900000, 0x00000000c5900000| Untracked 
|  50|0x00000000c5a00000, 0x00000000c5a00000, 0x00000000c5b00000|  0%| F|  |TAMS 0x00000000c5a00000, 0x00000000c5a00000| Untracked 
|  51|0x00000000c5b00000, 0x00000000c5b00000, 0x00000000c5c00000|  0%| F|  |TAMS 0x00000000c5b00000, 0x00000000c5b00000| Untracked 
|  52|0x00000000c5c00000, 0x00000000c5c00000, 0x00000000c5d00000|  0%| F|  |TAMS 0x00000000c5c00000, 0x00000000c5c00000| Untracked 
|  53|0x00000000c5d00000, 0x00000000c5d00000, 0x00000000c5e00000|  0%| F|  |TAMS 0x00000000c5d00000, 0x00000000c5d00000| Untracked 
|  54|0x00000000c5e00000, 0x00000000c5e00000, 0x00000000c5f00000|  0%| F|  |TAMS 0x00000000c5e00000, 0x00000000c5e00000| Untracked 
|  55|0x00000000c5f00000, 0x00000000c5f00000, 0x00000000c6000000|  0%| F|  |TAMS 0x00000000c5f00000, 0x00000000c5f00000| Untracked 
|  56|0x00000000c6000000, 0x00000000c6000000, 0x00000000c6100000|  0%| F|  |TAMS 0x00000000c6000000, 0x00000000c6000000| Untracked 
|  57|0x00000000c6100000, 0x00000000c6100000, 0x00000000c6200000|  0%| F|  |TAMS 0x00000000c6100000, 0x00000000c6100000| Untracked 
|  58|0x00000000c6200000, 0x00000000c6200000, 0x00000000c6300000|  0%| F|  |TAMS 0x00000000c6200000, 0x00000000c6200000| Untracked 
|  59|0x00000000c6300000, 0x00000000c6300000, 0x00000000c6400000|  0%| F|  |TAMS 0x00000000c6300000, 0x00000000c6300000| Untracked 
|  60|0x00000000c6400000, 0x00000000c64d7e68, 0x00000000c6500000| 84%| E|  |TAMS 0x00000000c6400000, 0x00000000c6400000| Complete 
|  61|0x00000000c6500000, 0x00000000c6600000, 0x00000000c6600000|100%| E|CS|TAMS 0x00000000c6500000, 0x00000000c6500000| Complete 

Card table byte_map: [0x000001bacf4a0000,0x000001bacf690000] _byte_map_base: 0x000001bacee8c000

Marking Bits (Prev, Next): (CMBitMap*) 0x000001babb07b2d0, (CMBitMap*) 0x000001babb07b310
 Prev Bits: [0x000001bacf880000, 0x000001bad07e0000)
 Next Bits: [0x000001bad07e0000, 0x000001bad1740000)

Polling page: 0x000001babaed0000

Metaspace:

Usage:
  Non-class:      7.48 MB used.
      Class:    739.02 KB used.
       Both:      8.20 MB used.

Virtual space:
  Non-class space:        8.00 MB reserved,       7.50 MB ( 94%) committed,  1 nodes.
      Class space:        1.00 GB reserved,     832.00 KB ( <1%) committed,  1 nodes.
             Both:        1.01 GB reserved,       8.31 MB ( <1%) committed. 

Chunk freelists:
   Non-Class:  1.00 KB
       Class:  3.23 MB
        Both:  3.23 MB

MaxMetaspaceSize: unlimited
CompressedClassSpaceSize: 1.00 GB
Initial GC threshold: 21.00 MB
Current GC threshold: 21.00 MB
CDS: off
MetaspaceReclaimPolicy: balanced
 - commit_granule_bytes: 65536.
 - commit_granule_words: 8192.
 - virtual_space_node_default_size: 1048576.
 - enlarge_chunks_in_place: 1.
 - new_chunks_are_fully_committed: 0.
 - uncommit_free_chunks: 1.
 - use_allocation_guard: 0.
 - handle_deallocations: 1.


Internal statistics:

num_allocs_failed_limit: 0.
num_arena_births: 46.
num_arena_deaths: 0.
num_vsnodes_births: 2.
num_vsnodes_deaths: 0.
num_space_committed: 133.
num_space_uncommitted: 0.
num_chunks_returned_to_freelist: 0.
num_chunks_taken_from_freelist: 69.
num_chunk_merges: 0.
num_chunk_splits: 37.
num_chunks_enlarged: 21.
num_purges: 0.
num_inconsistent_stats: 0.

CodeHeap 'non-profiled nmethods': size=120064Kb used=80Kb max_used=80Kb free=119984Kb
 bounds [0x000001bac7970000, 0x000001bac7be0000, 0x000001baceeb0000]
CodeHeap 'profiled nmethods': size=120000Kb used=349Kb max_used=349Kb free=119651Kb
 bounds [0x000001bac0440000, 0x000001bac06b0000, 0x000001bac7970000]
CodeHeap 'non-nmethods': size=5696Kb used=1151Kb max_used=1151Kb free=4544Kb
 bounds [0x000001babfeb0000, 0x000001bac0120000, 0x000001bac0440000]
 total_blobs=707 nmethods=261 adapters=360
 compilation: enabled
              stopped_count=0, restarted_count=0
 full_count=0

Compilation events (20 events):
Event: 1.150 Thread 0x000001bad4510110 nmethod 251 0x000001bac0492d10 code [0x000001bac0492f00, 0x000001bac0493318]
Event: 1.150 Thread 0x000001bad4510110  252       1       java.util.zip.ZipCoder$UTF8ZipCoder::isUTF8 (2 bytes)
Event: 1.150 Thread 0x000001bad4510110 nmethod 252 0x000001bac7983710 code [0x000001bac79838a0, 0x000001bac7983978]
Event: 1.150 Thread 0x000001bad4510110  254       3       java.util.zip.ZipUtils::LG (22 bytes)
Event: 1.151 Thread 0x000001bad4510110 nmethod 254 0x000001bac0493510 code [0x000001bac04936c0, 0x000001bac0493938]
Event: 1.151 Thread 0x000001bad4510110  255   !   3       java.util.zip.ZipFile$Source::checkAndAddEntry (209 bytes)
Event: 1.151 Thread 0x000001bad3af8700 nmethod 253 0x000001bac7983a10 code [0x000001bac7983b80, 0x000001bac7983c38]
Event: 1.154 Thread 0x000001bad4510110 nmethod 255 0x000001bac0493a90 code [0x000001bac0493e00, 0x000001bac04951a8]
Event: 1.154 Thread 0x000001bad4510110  256       3       java.util.zip.ZipUtils::CENHOW (9 bytes)
Event: 1.155 Thread 0x000001bad4510110 nmethod 256 0x000001bac0495d10 code [0x000001bac0495ea0, 0x000001bac0496058]
Event: 1.155 Thread 0x000001bad4510110  257       3       java.util.zip.ZipUtils::CENNAM (9 bytes)
Event: 1.155 Thread 0x000001bad4510110 nmethod 257 0x000001bac0496190 code [0x000001bac0496320, 0x000001bac04964d8]
Event: 1.167 Thread 0x000001bad3af8700  258       4       java.lang.String::coder (15 bytes)
Event: 1.167 Thread 0x000001bad4510110  259       3       java.lang.StringLatin1::lastIndexOf (40 bytes)
Event: 1.168 Thread 0x000001bad3af8700 nmethod 258 0x000001bac7983d10 code [0x000001bac7983e80, 0x000001bac7983ef8]
Event: 1.168 Thread 0x000001bad4510110 nmethod 259 0x000001bac0496610 code [0x000001bac04967e0, 0x000001bac0496bd8]
Event: 1.220 Thread 0x000001bad4510110  260       3       java.lang.System::getSecurityManager (12 bytes)
Event: 1.220 Thread 0x000001bad4510110 nmethod 260 0x000001bac0496d10 code [0x000001bac0496ea0, 0x000001bac0497018]
Event: 1.221 Thread 0x000001bad4510110  261       3       java.lang.System::allowSecurityManager (13 bytes)
Event: 1.221 Thread 0x000001bad4510110 nmethod 261 0x000001bac0497110 code [0x000001bac04972a0, 0x000001bac04973b8]

GC Heap History (0 events):
No events

Deoptimization events (0 events):
No events

Classes unloaded (0 events):
No events

Classes redefined (0 events):
No events

Internal exceptions (3 events):
Event: 0.856 Thread 0x000001babb03e650 Exception <a 'java/lang/ClassNotFoundException'{0x00000000c65fc978}: sun/awt/resources/spi/awtProvider> (0x00000000c65fc978) 
thrown [e:\jenkins\tmp\workspace\build\src\src\hotspot\share\classfile\systemDictionary.cpp, line 256]
Event: 1.007 Thread 0x000001babb03e650 Exception <a 'java/io/FileNotFoundException'{0x00000000c6457e88}> (0x00000000c6457e88) 
thrown [e:\jenkins\tmp\workspace\build\src\src\hotspot\share\prims\jni.cpp, line 516]
Event: 1.043 Thread 0x000001babb03e650 Exception <a 'java/io/FileNotFoundException'{0x00000000c64853c0}> (0x00000000c64853c0) 
thrown [e:\jenkins\tmp\workspace\build\src\src\hotspot\share\prims\jni.cpp, line 516]

VM Operations (0 events):
No events

Events (20 events):
Event: 1.250 loading class sun/awt/AWTAccessor$AWTEventAccessor
Event: 1.250 loading class sun/awt/AWTAccessor$AWTEventAccessor done
Event: 1.250 loading class java/awt/AWTEvent$1 done
Event: 1.250 loading class java/awt/event/NativeLibLoader
Event: 1.250 loading class java/awt/event/NativeLibLoader done
Event: 1.250 loading class java/awt/event/NativeLibLoader$1
Event: 1.250 loading class java/awt/event/NativeLibLoader$1 done
Event: 1.253 loading class java/awt/event/InputEvent$1
Event: 1.253 loading class sun/awt/AWTAccessor$InputEventAccessor
Event: 1.253 loading class sun/awt/AWTAccessor$InputEventAccessor done
Event: 1.253 loading class java/awt/event/InputEvent$1 done
Event: 1.253 loading class sun/awt/windows/WComponentPeer
Event: 1.254 loading class java/awt/peer/ComponentPeer
Event: 1.255 loading class java/awt/peer/ComponentPeer done
Event: 1.255 loading class java/awt/dnd/peer/DropTargetPeer
Event: 1.255 loading class java/awt/dnd/peer/DropTargetPeer done
Event: 1.255 loading class sun/awt/windows/WObjectPeer
Event: 1.255 loading class sun/awt/windows/WObjectPeer done
Event: 1.255 loading class sun/awt/windows/WComponentPeer done
Event: 1.256 loading class java/awt/Font


Dynamic libraries:
0x00007ff6642c0000 - 0x00007ff6642ce000 	C:\Users\YVES_MAURICE\Desktop\eclipse\plugins\org.eclipse.justj.openjdk.hotspot.jre.full.win32.x86_64_17.0.3.v20220515-1416\jre\bin\javaw.exe
0x00007ff85b170000 - 0x00007ff85b368000 	C:\WINDOWS\SYSTEM32\ntdll.dll
0x00007ff850320000 - 0x00007ff850339000 	C:\Program Files\Avast Software\Avast\aswhook.dll
0x00007ff859e50000 - 0x00007ff859f0f000 	C:\WINDOWS\System32\KERNEL32.DLL
0x00007ff858850000 - 0x00007ff858b46000 	C:\WINDOWS\System32\KERNELBASE.dll
0x00007ff858ec0000 - 0x00007ff858fc0000 	C:\WINDOWS\System32\ucrtbase.dll
0x00007ff8519b0000 - 0x00007ff8519c8000 	C:\Users\YVES_MAURICE\Desktop\eclipse\plugins\org.eclipse.justj.openjdk.hotspot.jre.full.win32.x86_64_17.0.3.v20220515-1416\jre\bin\jli.dll
0x00007ff8595e0000 - 0x00007ff85977d000 	C:\WINDOWS\System32\USER32.dll
0x00007ff858e20000 - 0x00007ff858e42000 	C:\WINDOWS\System32\win32u.dll
0x00007ff859950000 - 0x00007ff85997c000 	C:\WINDOWS\System32\GDI32.dll
0x00007ff858c70000 - 0x00007ff858d85000 	C:\WINDOWS\System32\gdi32full.dll
0x00007ff858bd0000 - 0x00007ff858c6d000 	C:\WINDOWS\System32\msvcp_win.dll
0x00007ff850770000 - 0x00007ff850789000 	C:\Users\YVES_MAURICE\Desktop\eclipse\plugins\org.eclipse.justj.openjdk.hotspot.jre.full.win32.x86_64_17.0.3.v20220515-1416\jre\bin\VCRUNTIME140.dll
0x00007ff83f6c0000 - 0x00007ff83f95a000 	C:\WINDOWS\WinSxS\amd64_microsoft.windows.common-controls_6595b64144ccf1df_6.0.19041.1110_none_60b5254171f9507e\COMCTL32.dll
0x00007ff859f10000 - 0x00007ff859fae000 	C:\WINDOWS\System32\msvcrt.dll
0x00007ff85a180000 - 0x00007ff85a1b0000 	C:\WINDOWS\System32\IMM32.DLL
0x00007ff8507a0000 - 0x00007ff8507ac000 	C:\Users\YVES_MAURICE\Desktop\eclipse\plugins\org.eclipse.justj.openjdk.hotspot.jre.full.win32.x86_64_17.0.3.v20220515-1416\jre\bin\vcruntime140_1.dll
0x00007ff847880000 - 0x00007ff847911000 	C:\Users\YVES_MAURICE\Desktop\eclipse\plugins\org.eclipse.justj.openjdk.hotspot.jre.full.win32.x86_64_17.0.3.v20220515-1416\jre\bin\msvcp140.dll
0x00007ff8025b0000 - 0x00007ff8031f8000 	C:\Users\YVES_MAURICE\Desktop\eclipse\plugins\org.eclipse.justj.openjdk.hotspot.jre.full.win32.x86_64_17.0.3.v20220515-1416\jre\bin\server\jvm.dll
0x00007ff859780000 - 0x00007ff85982f000 	C:\WINDOWS\System32\ADVAPI32.dll
0x00007ff85a310000 - 0x00007ff85a3ac000 	C:\WINDOWS\System32\sechost.dll
0x00007ff8592a0000 - 0x00007ff8593c6000 	C:\WINDOWS\System32\RPCRT4.dll
0x00007ff85a080000 - 0x00007ff85a088000 	C:\WINDOWS\System32\PSAPI.DLL
0x00007ff846a60000 - 0x00007ff846a69000 	C:\WINDOWS\SYSTEM32\WSOCK32.dll
0x00007ff85a840000 - 0x00007ff85a8ab000 	C:\WINDOWS\System32\WS2_32.dll
0x00007ff8392d0000 - 0x00007ff8392f7000 	C:\WINDOWS\SYSTEM32\WINMM.dll
0x00007ff849570000 - 0x00007ff84957a000 	C:\WINDOWS\SYSTEM32\VERSION.dll
0x00007ff8570f0000 - 0x00007ff857102000 	C:\WINDOWS\SYSTEM32\kernel.appcore.dll
0x00007ff849960000 - 0x00007ff84996a000 	C:\Users\YVES_MAURICE\Desktop\eclipse\plugins\org.eclipse.justj.openjdk.hotspot.jre.full.win32.x86_64_17.0.3.v20220515-1416\jre\bin\jimage.dll
0x00007ff856db0000 - 0x00007ff856f94000 	C:\WINDOWS\SYSTEM32\DBGHELP.DLL
0x00007ff849530000 - 0x00007ff849564000 	C:\WINDOWS\SYSTEM32\dbgcore.DLL
0x00007ff858d90000 - 0x00007ff858e12000 	C:\WINDOWS\System32\bcryptPrimitives.dll
0x00007ff80ec80000 - 0x00007ff80eca5000 	C:\Users\YVES_MAURICE\Desktop\eclipse\plugins\org.eclipse.justj.openjdk.hotspot.jre.full.win32.x86_64_17.0.3.v20220515-1416\jre\bin\java.dll
0x00007ff80e020000 - 0x00007ff80e038000 	C:\Users\YVES_MAURICE\Desktop\eclipse\plugins\org.eclipse.justj.openjdk.hotspot.jre.full.win32.x86_64_17.0.3.v20220515-1416\jre\bin\zip.dll
0x00007ff85a980000 - 0x00007ff85b0c4000 	C:\WINDOWS\System32\SHELL32.dll
0x00007ff856540000 - 0x00007ff856cd3000 	C:\WINDOWS\SYSTEM32\windows.storage.dll
0x00007ff85a3b0000 - 0x00007ff85a704000 	C:\WINDOWS\System32\combase.dll
0x00007ff8581d0000 - 0x00007ff8581fe000 	C:\WINDOWS\SYSTEM32\Wldp.dll
0x00007ff8591e0000 - 0x00007ff85928d000 	C:\WINDOWS\System32\SHCORE.dll
0x00007ff8593d0000 - 0x00007ff859425000 	C:\WINDOWS\System32\shlwapi.dll
0x00007ff858790000 - 0x00007ff8587af000 	C:\WINDOWS\SYSTEM32\profapi.dll
0x00007ff81a670000 - 0x00007ff81a7fe000 	C:\Users\YVES_MAURICE\Desktop\eclipse\plugins\org.eclipse.justj.openjdk.hotspot.jre.full.win32.x86_64_17.0.3.v20220515-1416\jre\bin\awt.dll
0x00007ff85a8b0000 - 0x00007ff85a97d000 	C:\WINDOWS\System32\OLEAUT32.dll
0x00007ff8556f0000 - 0x00007ff855781000 	C:\WINDOWS\SYSTEM32\apphelp.dll
0x00007ff80d9c0000 - 0x00007ff80d9d9000 	C:\Users\YVES_MAURICE\Desktop\eclipse\plugins\org.eclipse.justj.openjdk.hotspot.jre.full.win32.x86_64_17.0.3.v20220515-1416\jre\bin\net.dll
0x00007ff849a60000 - 0x00007ff849b6a000 	C:\WINDOWS\SYSTEM32\WINHTTP.dll
0x00007ff857f30000 - 0x00007ff857f9a000 	C:\WINDOWS\system32\mswsock.dll
0x00007ff80d9a0000 - 0x00007ff80d9b5000 	C:\Users\YVES_MAURICE\Desktop\eclipse\plugins\org.eclipse.justj.openjdk.hotspot.jre.full.win32.x86_64_17.0.3.v20220515-1416\jre\bin\nio.dll

dbghelp: loaded successfully - version: 4.0.5 - missing functions: none
symbol engine: initialized successfully - sym options: 0x614 - pdb path: .;C:\Users\YVES_MAURICE\Desktop\eclipse\plugins\org.eclipse.justj.openjdk.hotspot.jre.full.win32.x86_64_17.0.3.v20220515-1416\jre\bin;C:\WINDOWS\SYSTEM32;C:\Program Files\Avast Software\Avast;C:\WINDOWS\WinSxS\amd64_microsoft.windows.common-controls_6595b64144ccf1df_6.0.19041.1110_none_60b5254171f9507e;C:\Users\YVES_MAURICE\Desktop\eclipse\plugins\org.eclipse.justj.openjdk.hotspot.jre.full.win32.x86_64_17.0.3.v20220515-1416\jre\bin\server

VM Arguments:
jvm_args: -Dfile.encoding=UTF-8 -XX:+ShowCodeDetailsInExceptionMessages 
java_command: Course.Course
java_class_path (initial): C:\Users\YVES_MAURICE\eclipse-workspace\StudentInformationsystem\bin;C:\Users\YVES_MAURICE\Documents\mysql-connector-java-5.1.15-bin.jar
Launcher Type: SUN_STANDARD

[Global flags]
     intx CICompilerCount                          = 2                                         {product} {ergonomic}
     uint ConcGCThreads                            = 1                                         {product} {ergonomic}
     uint G1ConcRefinementThreads                  = 2                                         {product} {ergonomic}
   size_t G1HeapRegionSize                         = 1048576                                   {product} {ergonomic}
    uintx GCDrainStackTargetSize                   = 64                                        {product} {ergonomic}
   size_t InitialHeapSize                          = 65011712                                  {product} {ergonomic}
   size_t MarkStackSize                            = 4194304                                   {product} {ergonomic}
   size_t MaxHeapSize                              = 1031798784                                {product} {ergonomic}
   size_t MaxNewSize                               = 618659840                                 {product} {ergonomic}
   size_t MinHeapDeltaBytes                        = 1048576                                   {product} {ergonomic}
   size_t MinHeapSize                              = 8388608                                   {product} {ergonomic}
    uintx NonNMethodCodeHeapSize                   = 5826188                                {pd product} {ergonomic}
    uintx NonProfiledCodeHeapSize                  = 122916026                              {pd product} {ergonomic}
    uintx ProfiledCodeHeapSize                     = 122916026                              {pd product} {ergonomic}
    uintx ReservedCodeCacheSize                    = 251658240                              {pd product} {ergonomic}
     bool SegmentedCodeCache                       = true                                      {product} {ergonomic}
     bool ShowCodeDetailsInExceptionMessages       = true                                   {manageable} {command line}
   size_t SoftMaxHeapSize                          = 1031798784                             {manageable} {ergonomic}
     bool UseCompressedClassPointers               = true                           {product lp64_product} {ergonomic}
     bool UseCompressedOops                        = true                           {product lp64_product} {ergonomic}
     bool UseG1GC                                  = true                                      {product} {ergonomic}
     bool UseLargePagesIndividualAllocation        = false                                  {pd product} {ergonomic}

Logging:
Log output configuration:
 #0: stdout all=warning uptime,level,tags
 #1: stderr all=off uptime,level,tags

Environment Variables:
PATH=C:/Users/YVES_MAURICE/Desktop/eclipse//plugins/org.eclipse.justj.openjdk.hotspot.jre.full.win32.x86_64_17.0.3.v20220515-1416/jre/bin/server;C:/Users/YVES_MAURICE/Desktop/eclipse//plugins/org.eclipse.justj.openjdk.hotspot.jre.full.win32.x86_64_17.0.3.v20220515-1416/jre/bin;C:\Program Files (x86)\Common Files\Intel\Shared Libraries\redist\intel64_win\compiler;C:\WINDOWS\system32;C:\WINDOWS;C:\WINDOWS\System32\Wbem;C:\WINDOWS\System32\WindowsPowerShell\v1.0\;C:\WINDOWS\System32\OpenSSH\;C:\Users\YVES_MAURICE\AppData\Local\Microsoft\WindowsApps;;C:\Users\YVES_MAURICE\Desktop\eclipse;
USERNAME=YVES_MAURICE
OS=Windows_NT
PROCESSOR_IDENTIFIER=Intel64 Family 6 Model 76 Stepping 4, GenuineIntel



---------------  S Y S T E M  ---------------

OS:
 Windows 10 , 64 bit Build 19041 (10.0.19041.2913)
OS uptime: 0 days 6:55 hours

CPU: total 2 (initial active 2) (2 cores per cpu, 1 threads per core) family 6 model 76 stepping 4 microcode 0x411, cx8, cmov, fxsr, mmx, 3dnowpref, sse, sse2, sse3, ssse3, sse4.1, sse4.2, popcnt, tsc, tscinvbit, aes, erms, clmul, clflush

Memory: 4k page, system-wide physical 3931M (538M free)
TotalPageFile size 10619M (AvailPageFile size 3M)
current process WorkingSet (physical memory assigned to process): 39M, peak: 39M
current process commit charge ("private bytes"): 128M, peak: 128M

vm_info: OpenJDK 64-Bit Server VM (17.0.3+7) for windows-amd64 JRE (17.0.3+7), built on Apr 19 2022 16:55:35 by "" with MS VC++ 16.7 (VS2019)

END.
