#
# There is insufficient memory for the Java Runtime Environment to continue.
# Native memory allocation (mmap) failed to map 65536 bytes for Failed to commit metaspace.
# Possible reasons:
#   The system is out of physical RAM or swap space
#   The process is running with CompressedOops enabled, and the Java Heap may be blocking the growth of the native heap
# Possible solutions:
#   Reduce memory load on the system
#   Increase physical memory or swap space
#   Check if swap backing store is full
#   Decrease Java heap size (-Xmx/-Xms)
#   Decrease number of Java threads
#   Decrease Java thread stack sizes (-Xss)
#   Set larger code cache with -XX:ReservedCodeCacheSize=
#   JVM is running with Unscaled Compressed Oops mode in which the Java heap is
#     placed in the first 4GB address space. The Java Heap base address is the
#     maximum limit for the native heap growth. Please use -XX:HeapBaseMinAddress
#     to set the Java Heap base and to place the Java Heap above 4GB virtual address.
# This output file may be truncated or incomplete.
#
#  Out of Memory Error (virtualSpaceNode.cpp:110), pid=14824, tid=14572
#
# JRE version: OpenJDK Runtime Environment Temurin-17.0.3+7 (17.0.3+7) (build 17.0.3+7)
# Java VM: OpenJDK 64-Bit Server VM Temurin-17.0.3+7 (17.0.3+7, mixed mode, tiered, compressed oops, compressed class ptrs, g1 gc, windows-amd64)
# No core dump will be written. Minidumps are not enabled by default on client versions of Windows
#

---------------  S U M M A R Y ------------

Command Line: -Dfile.encoding=UTF-8 -XX:+ShowCodeDetailsInExceptionMessages Transcript.Transcript

Host: Intel(R) Celeron(R) CPU  N3060  @ 1.60GHz, 2 cores, 3G,  Windows 10 , 64 bit Build 19041 (10.0.19041.2913)
Time: Mon Jun 12 14:18:46 2023 South Africa Standard Time elapsed time: 1.245826 seconds (0d 0h 0m 1s)

---------------  T H R E A D  ---------------

Current thread (0x000001c6466aea70):  JavaThread "main" [_thread_in_vm, id=14572, stack(0x0000000de4d00000,0x0000000de4e00000)]

Stack: [0x0000000de4d00000,0x0000000de4e00000]
Native frames: (J=compiled Java code, j=interpreted, Vv=VM code, C=native code)
V  [jvm.dll+0x675efa]
V  [jvm.dll+0x830a24]
V  [jvm.dll+0x8321ce]
V  [jvm.dll+0x832833]
V  [jvm.dll+0x2454b5]
V  [jvm.dll+0x82c9cb]
V  [jvm.dll+0x61ab26]
V  [jvm.dll+0x1c046e]
V  [jvm.dll+0x61d471]
V  [jvm.dll+0x61b4c6]
V  [jvm.dll+0x36b4e2]
V  [jvm.dll+0x1e1e3b]
V  [jvm.dll+0x53bba9]
V  [jvm.dll+0x1f0da7]
V  [jvm.dll+0x7aae5b]
V  [jvm.dll+0x7ac202]
V  [jvm.dll+0x7ac999]
V  [jvm.dll+0x1e8946]
V  [jvm.dll+0x1eb04b]
V  [jvm.dll+0x1e05b1]
V  [jvm.dll+0x53bb80]
V  [jvm.dll+0x1f0da7]
V  [jvm.dll+0x7aae5b]
V  [jvm.dll+0x7ac202]
V  [jvm.dll+0x7ac538]
V  [jvm.dll+0x23d79e]
V  [jvm.dll+0x23d9ef]
V  [jvm.dll+0x559208]
V  [jvm.dll+0x55c070]
V  [jvm.dll+0x382dc7]
V  [jvm.dll+0x38241f]
C  0x000001c649d8a1df

Java frames: (J=compiled Java code, j=interpreted, Vv=VM code)
j  sun.nio.cs.StreamEncoder.implWrite([CII)V+3 java.base@17.0.3
j  sun.nio.cs.StreamEncoder.write([CII)V+60 java.base@17.0.3
j  java.io.OutputStreamWriter.write([CII)V+7 java.base@17.0.3
j  java.io.BufferedWriter.flushBuffer()V+34 java.base@17.0.3
j  java.io.PrintStream.write(Ljava/lang/String;)V+20 java.base@17.0.3
j  java.io.PrintStream.print(Ljava/lang/String;)V+5 java.base@17.0.3
j  java.lang.ThreadGroup.uncaughtException(Ljava/lang/Thread;Ljava/lang/Throwable;)V+75 java.base@17.0.3
j  java.lang.ThreadGroup.uncaughtException(Ljava/lang/Thread;Ljava/lang/Throwable;)V+13 java.base@17.0.3
j  java.lang.Thread.dispatchUncaughtException(Ljava/lang/Throwable;)V+6 java.base@17.0.3
v  ~StubRoutines::call_stub

---------------  P R O C E S S  ---------------

Threads class SMR info:
_java_thread_list=0x000001c65dcfe2e0, length=12, elements={
0x000001c6466aea70, 0x000001c65d180270, 0x000001c65d181bd0, 0x000001c65d1d9130,
0x000001c65d1d9bf0, 0x000001c65d1da5a0, 0x000001c65d1daf50, 0x000001c65d1dbce0,
0x000001c65dc10110, 0x000001c65d23dd00, 0x000001c65dd1cfd0, 0x000001c65dd3b010
}

Java Threads: ( => current thread )
=>0x000001c6466aea70 JavaThread "main" [_thread_in_vm, id=14572, stack(0x0000000de4d00000,0x0000000de4e00000)]
  0x000001c65d180270 JavaThread "Reference Handler" daemon [_thread_blocked, id=16244, stack(0x0000000de5400000,0x0000000de5500000)]
  0x000001c65d181bd0 JavaThread "Finalizer" daemon [_thread_blocked, id=15916, stack(0x0000000de5500000,0x0000000de5600000)]
  0x000001c65d1d9130 JavaThread "Signal Dispatcher" daemon [_thread_blocked, id=15584, stack(0x0000000de5600000,0x0000000de5700000)]
  0x000001c65d1d9bf0 JavaThread "Attach Listener" daemon [_thread_blocked, id=15908, stack(0x0000000de5700000,0x0000000de5800000)]
  0x000001c65d1da5a0 JavaThread "Service Thread" daemon [_thread_blocked, id=7196, stack(0x0000000de5800000,0x0000000de5900000)]
  0x000001c65d1daf50 JavaThread "Monitor Deflation Thread" daemon [_thread_blocked, id=9404, stack(0x0000000de5900000,0x0000000de5a00000)]
  0x000001c65d1dbce0 JavaThread "C2 CompilerThread0" daemon [_thread_blocked, id=15096, stack(0x0000000de5a00000,0x0000000de5b00000)]
  0x000001c65dc10110 JavaThread "C1 CompilerThread0" daemon [_thread_blocked, id=15168, stack(0x0000000de5b00000,0x0000000de5c00000)]
  0x000001c65d23dd00 JavaThread "Sweeper thread" daemon [_thread_blocked, id=8268, stack(0x0000000de5c00000,0x0000000de5d00000)]
  0x000001c65dd1cfd0 JavaThread "Notification Thread" daemon [_thread_blocked, id=13712, stack(0x0000000de5d00000,0x0000000de5e00000)]
  0x000001c65dd3b010 JavaThread "Common-Cleaner" daemon [_thread_blocked, id=15964, stack(0x0000000de5f00000,0x0000000de6000000)]

Other Threads:
  0x000001c64677dfe0 VMThread "VM Thread" [stack: 0x0000000de5300000,0x0000000de5400000] [id=7624]
  0x000001c65dcbde50 WatcherThread [stack: 0x0000000de5e00000,0x0000000de5f00000] [id=4976]
  0x000001c6466ead40 GCTaskThread "GC Thread#0" [stack: 0x0000000de4e00000,0x0000000de4f00000] [id=4396]
  0x000001c6466f3780 ConcurrentGCThread "G1 Main Marker" [stack: 0x0000000de4f00000,0x0000000de5000000] [id=15504]
  0x000001c6466f53b0 ConcurrentGCThread "G1 Conc#0" [stack: 0x0000000de5000000,0x0000000de5100000] [id=10564]
  0x000001c64672c010 ConcurrentGCThread "G1 Refine#0" [stack: 0x0000000de5100000,0x0000000de5200000] [id=12592]
  0x000001c64672d3e0 ConcurrentGCThread "G1 Service" [stack: 0x0000000de5200000,0x0000000de5300000] [id=16080]

Threads with active compile tasks:

VM state: not at safepoint (normal execution)

VM Mutex/Monitor currently owned by a thread:  ([mutex/lock_event])
[0x000001c6466a83c0] Metaspace_lock - owner thread: 0x000001c6466aea70

Heap address: 0x00000000c2800000, size: 984 MB, Compressed Oops mode: 32-bit

CDS archive(s) not mapped
Compressed class space mapped at: 0x0000000100000000-0x0000000140000000, reserved size: 1073741824
Narrow klass base: 0x0000000000000000, Narrow klass shift: 3, Narrow klass range: 0x140000000

GC Precious Log:
 CPUs: 2 total, 2 available
 Memory: 3931M
 Large Page Support: Disabled
 NUMA Support: Disabled
 Compressed Oops: Enabled (32-bit)
 Heap Region Size: 1M
 Heap Min Capacity: 8M
 Heap Initial Capacity: 62M
 Heap Max Capacity: 984M
 Pre-touch: Disabled
 Parallel Workers: 2
 Concurrent Workers: 1
 Concurrent Refinement Workers: 2
 Periodic GC: Disabled

Heap:
 garbage-first heap   total 63488K, used 1024K [0x00000000c2800000, 0x0000000100000000)
  region size 1024K, 2 young (2048K), 0 survivors (0K)
 Metaspace       used 6021K, committed 6080K, reserved 1056768K
  class space    used 509K, committed 512K, reserved 1048576K

Heap Regions: E=young(eden), S=young(survivor), O=old, HS=humongous(starts), HC=humongous(continues), CS=collection set, F=free, OA=open archive, CA=closed archive, TAMS=top-at-mark-start (previous, next)
|   0|0x00000000c2800000, 0x00000000c2800000, 0x00000000c2900000|  0%| F|  |TAMS 0x00000000c2800000, 0x00000000c2800000| Untracked 
|   1|0x00000000c2900000, 0x00000000c2900000, 0x00000000c2a00000|  0%| F|  |TAMS 0x00000000c2900000, 0x00000000c2900000| Untracked 
|   2|0x00000000c2a00000, 0x00000000c2a00000, 0x00000000c2b00000|  0%| F|  |TAMS 0x00000000c2a00000, 0x00000000c2a00000| Untracked 
|   3|0x00000000c2b00000, 0x00000000c2b00000, 0x00000000c2c00000|  0%| F|  |TAMS 0x00000000c2b00000, 0x00000000c2b00000| Untracked 
|   4|0x00000000c2c00000, 0x00000000c2c00000, 0x00000000c2d00000|  0%| F|  |TAMS 0x00000000c2c00000, 0x00000000c2c00000| Untracked 
|   5|0x00000000c2d00000, 0x00000000c2d00000, 0x00000000c2e00000|  0%| F|  |TAMS 0x00000000c2d00000, 0x00000000c2d00000| Untracked 
|   6|0x00000000c2e00000, 0x00000000c2e00000, 0x00000000c2f00000|  0%| F|  |TAMS 0x00000000c2e00000, 0x00000000c2e00000| Untracked 
|   7|0x00000000c2f00000, 0x00000000c2f00000, 0x00000000c3000000|  0%| F|  |TAMS 0x00000000c2f00000, 0x00000000c2f00000| Untracked 
|   8|0x00000000c3000000, 0x00000000c3000000, 0x00000000c3100000|  0%| F|  |TAMS 0x00000000c3000000, 0x00000000c3000000| Untracked 
|   9|0x00000000c3100000, 0x00000000c3100000, 0x00000000c3200000|  0%| F|  |TAMS 0x00000000c3100000, 0x00000000c3100000| Untracked 
|  10|0x00000000c3200000, 0x00000000c3200000, 0x00000000c3300000|  0%| F|  |TAMS 0x00000000c3200000, 0x00000000c3200000| Untracked 
|  11|0x00000000c3300000, 0x00000000c3300000, 0x00000000c3400000|  0%| F|  |TAMS 0x00000000c3300000, 0x00000000c3300000| Untracked 
|  12|0x00000000c3400000, 0x00000000c3400000, 0x00000000c3500000|  0%| F|  |TAMS 0x00000000c3400000, 0x00000000c3400000| Untracked 
|  13|0x00000000c3500000, 0x00000000c3500000, 0x00000000c3600000|  0%| F|  |TAMS 0x00000000c3500000, 0x00000000c3500000| Untracked 
|  14|0x00000000c3600000, 0x00000000c3600000, 0x00000000c3700000|  0%| F|  |TAMS 0x00000000c3600000, 0x00000000c3600000| Untracked 
|  15|0x00000000c3700000, 0x00000000c3700000, 0x00000000c3800000|  0%| F|  |TAMS 0x00000000c3700000, 0x00000000c3700000| Untracked 
|  16|0x00000000c3800000, 0x00000000c3800000, 0x00000000c3900000|  0%| F|  |TAMS 0x00000000c3800000, 0x00000000c3800000| Untracked 
|  17|0x00000000c3900000, 0x00000000c3900000, 0x00000000c3a00000|  0%| F|  |TAMS 0x00000000c3900000, 0x00000000c3900000| Untracked 
|  18|0x00000000c3a00000, 0x00000000c3a00000, 0x00000000c3b00000|  0%| F|  |TAMS 0x00000000c3a00000, 0x00000000c3a00000| Untracked 
|  19|0x00000000c3b00000, 0x00000000c3b00000, 0x00000000c3c00000|  0%| F|  |TAMS 0x00000000c3b00000, 0x00000000c3b00000| Untracked 
|  20|0x00000000c3c00000, 0x00000000c3c00000, 0x00000000c3d00000|  0%| F|  |TAMS 0x00000000c3c00000, 0x00000000c3c00000| Untracked 
|  21|0x00000000c3d00000, 0x00000000c3d00000, 0x00000000c3e00000|  0%| F|  |TAMS 0x00000000c3d00000, 0x00000000c3d00000| Untracked 
|  22|0x00000000c3e00000, 0x00000000c3e00000, 0x00000000c3f00000|  0%| F|  |TAMS 0x00000000c3e00000, 0x00000000c3e00000| Untracked 
|  23|0x00000000c3f00000, 0x00000000c3f00000, 0x00000000c4000000|  0%| F|  |TAMS 0x00000000c3f00000, 0x00000000c3f00000| Untracked 
|  24|0x00000000c4000000, 0x00000000c4000000, 0x00000000c4100000|  0%| F|  |TAMS 0x00000000c4000000, 0x00000000c4000000| Untracked 
|  25|0x00000000c4100000, 0x00000000c4100000, 0x00000000c4200000|  0%| F|  |TAMS 0x00000000c4100000, 0x00000000c4100000| Untracked 
|  26|0x00000000c4200000, 0x00000000c4200000, 0x00000000c4300000|  0%| F|  |TAMS 0x00000000c4200000, 0x00000000c4200000| Untracked 
|  27|0x00000000c4300000, 0x00000000c4300000, 0x00000000c4400000|  0%| F|  |TAMS 0x00000000c4300000, 0x00000000c4300000| Untracked 
|  28|0x00000000c4400000, 0x00000000c4400000, 0x00000000c4500000|  0%| F|  |TAMS 0x00000000c4400000, 0x00000000c4400000| Untracked 
|  29|0x00000000c4500000, 0x00000000c4500000, 0x00000000c4600000|  0%| F|  |TAMS 0x00000000c4500000, 0x00000000c4500000| Untracked 
|  30|0x00000000c4600000, 0x00000000c4600000, 0x00000000c4700000|  0%| F|  |TAMS 0x00000000c4600000, 0x00000000c4600000| Untracked 
|  31|0x00000000c4700000, 0x00000000c4700000, 0x00000000c4800000|  0%| F|  |TAMS 0x00000000c4700000, 0x00000000c4700000| Untracked 
|  32|0x00000000c4800000, 0x00000000c4800000, 0x00000000c4900000|  0%| F|  |TAMS 0x00000000c4800000, 0x00000000c4800000| Untracked 
|  33|0x00000000c4900000, 0x00000000c4900000, 0x00000000c4a00000|  0%| F|  |TAMS 0x00000000c4900000, 0x00000000c4900000| Untracked 
|  34|0x00000000c4a00000, 0x00000000c4a00000, 0x00000000c4b00000|  0%| F|  |TAMS 0x00000000c4a00000, 0x00000000c4a00000| Untracked 
|  35|0x00000000c4b00000, 0x00000000c4b00000, 0x00000000c4c00000|  0%| F|  |TAMS 0x00000000c4b00000, 0x00000000c4b00000| Untracked 
|  36|0x00000000c4c00000, 0x00000000c4c00000, 0x00000000c4d00000|  0%| F|  |TAMS 0x00000000c4c00000, 0x00000000c4c00000| Untracked 
|  37|0x00000000c4d00000, 0x00000000c4d00000, 0x00000000c4e00000|  0%| F|  |TAMS 0x00000000c4d00000, 0x00000000c4d00000| Untracked 
|  38|0x00000000c4e00000, 0x00000000c4e00000, 0x00000000c4f00000|  0%| F|  |TAMS 0x00000000c4e00000, 0x00000000c4e00000| Untracked 
|  39|0x00000000c4f00000, 0x00000000c4f00000, 0x00000000c5000000|  0%| F|  |TAMS 0x00000000c4f00000, 0x00000000c4f00000| Untracked 
|  40|0x00000000c5000000, 0x00000000c5000000, 0x00000000c5100000|  0%| F|  |TAMS 0x00000000c5000000, 0x00000000c5000000| Untracked 
|  41|0x00000000c5100000, 0x00000000c5100000, 0x00000000c5200000|  0%| F|  |TAMS 0x00000000c5100000, 0x00000000c5100000| Untracked 
|  42|0x00000000c5200000, 0x00000000c5200000, 0x00000000c5300000|  0%| F|  |TAMS 0x00000000c5200000, 0x00000000c5200000| Untracked 
|  43|0x00000000c5300000, 0x00000000c5300000, 0x00000000c5400000|  0%| F|  |TAMS 0x00000000c5300000, 0x00000000c5300000| Untracked 
|  44|0x00000000c5400000, 0x00000000c5400000, 0x00000000c5500000|  0%| F|  |TAMS 0x00000000c5400000, 0x00000000c5400000| Untracked 
|  45|0x00000000c5500000, 0x00000000c5500000, 0x00000000c5600000|  0%| F|  |TAMS 0x00000000c5500000, 0x00000000c5500000| Untracked 
|  46|0x00000000c5600000, 0x00000000c5600000, 0x00000000c5700000|  0%| F|  |TAMS 0x00000000c5600000, 0x00000000c5600000| Untracked 
|  47|0x00000000c5700000, 0x00000000c5700000, 0x00000000c5800000|  0%| F|  |TAMS 0x00000000c5700000, 0x00000000c5700000| Untracked 
|  48|0x00000000c5800000, 0x00000000c5800000, 0x00000000c5900000|  0%| F|  |TAMS 0x00000000c5800000, 0x00000000c5800000| Untracked 
|  49|0x00000000c5900000, 0x00000000c5900000, 0x00000000c5a00000|  0%| F|  |TAMS 0x00000000c5900000, 0x00000000c5900000| Untracked 
|  50|0x00000000c5a00000, 0x00000000c5a00000, 0x00000000c5b00000|  0%| F|  |TAMS 0x00000000c5a00000, 0x00000000c5a00000| Untracked 
|  51|0x00000000c5b00000, 0x00000000c5b00000, 0x00000000c5c00000|  0%| F|  |TAMS 0x00000000c5b00000, 0x00000000c5b00000| Untracked 
|  52|0x00000000c5c00000, 0x00000000c5c00000, 0x00000000c5d00000|  0%| F|  |TAMS 0x00000000c5c00000, 0x00000000c5c00000| Untracked 
|  53|0x00000000c5d00000, 0x00000000c5d00000, 0x00000000c5e00000|  0%| F|  |TAMS 0x00000000c5d00000, 0x00000000c5d00000| Untracked 
|  54|0x00000000c5e00000, 0x00000000c5e00000, 0x00000000c5f00000|  0%| F|  |TAMS 0x00000000c5e00000, 0x00000000c5e00000| Untracked 
|  55|0x00000000c5f00000, 0x00000000c5f00000, 0x00000000c6000000|  0%| F|  |TAMS 0x00000000c5f00000, 0x00000000c5f00000| Untracked 
|  56|0x00000000c6000000, 0x00000000c6000000, 0x00000000c6100000|  0%| F|  |TAMS 0x00000000c6000000, 0x00000000c6000000| Untracked 
|  57|0x00000000c6100000, 0x00000000c6100000, 0x00000000c6200000|  0%| F|  |TAMS 0x00000000c6100000, 0x00000000c6100000| Untracked 
|  58|0x00000000c6200000, 0x00000000c6200000, 0x00000000c6300000|  0%| F|  |TAMS 0x00000000c6200000, 0x00000000c6200000| Untracked 
|  59|0x00000000c6300000, 0x00000000c6300000, 0x00000000c6400000|  0%| F|  |TAMS 0x00000000c6300000, 0x00000000c6300000| Untracked 
|  60|0x00000000c6400000, 0x00000000c641f3b0, 0x00000000c6500000| 12%| E|  |TAMS 0x00000000c6400000, 0x00000000c6400000| Complete 
|  61|0x00000000c6500000, 0x00000000c6600000, 0x00000000c6600000|100%| E|CS|TAMS 0x00000000c6500000, 0x00000000c6500000| Complete 

Card table byte_map: [0x000001c646480000,0x000001c646670000] _byte_map_base: 0x000001c645e6c000

Marking Bits (Prev, Next): (CMBitMap*) 0x000001c6466eb350, (CMBitMap*) 0x000001c6466eb390
 Prev Bits: [0x000001c658f60000, 0x000001c659ec0000)
 Next Bits: [0x000001c659ec0000, 0x000001c65ae20000)

Polling page: 0x000001c644640000

Metaspace:

Usage:
  Non-class:      5.38 MB used.
      Class:    509.57 KB used.
       Both:      5.88 MB used.

Virtual space:
  Non-class space:        8.00 MB reserved,       5.44 MB ( 68%) committed,  1 nodes.
      Class space:        1.00 GB reserved,     512.00 KB ( <1%) committed,  1 nodes.
             Both:        1.01 GB reserved,       5.94 MB ( <1%) committed. 

Chunk freelists:
   Non-Class:  2.47 MB
       Class:  3.25 MB
        Both:  5.72 MB

MaxMetaspaceSize: unlimited
CompressedClassSpaceSize: 1.00 GB
Initial GC threshold: 21.00 MB
Current GC threshold: 21.00 MB
CDS: off
MetaspaceReclaimPolicy: balanced
 - commit_granule_bytes: 65536.
 - commit_granule_words: 8192.
 - virtual_space_node_default_size: 1048576.
 - enlarge_chunks_in_place: 1.
 - new_chunks_are_fully_committed: 0.
 - uncommit_free_chunks: 1.
 - use_allocation_guard: 0.
 - handle_deallocations: 1.


Internal statistics:

num_allocs_failed_limit: 0.
num_arena_births: 6.
num_arena_deaths: 0.
num_vsnodes_births: 2.
num_vsnodes_deaths: 0.
num_space_committed: 95.
num_space_uncommitted: 0.
num_chunks_returned_to_freelist: 0.
num_chunks_taken_from_freelist: 17.
num_chunk_merges: 0.
num_chunk_splits: 6.
num_chunks_enlarged: 3.
num_purges: 0.
num_inconsistent_stats: 0.

CodeHeap 'non-profiled nmethods': size=120064Kb used=32Kb max_used=32Kb free=120031Kb
 bounds [0x000001c651830000, 0x000001c651aa0000, 0x000001c658d70000]
CodeHeap 'profiled nmethods': size=120000Kb used=130Kb max_used=130Kb free=119869Kb
 bounds [0x000001c64a300000, 0x000001c64a570000, 0x000001c651830000]
CodeHeap 'non-nmethods': size=5696Kb used=1082Kb max_used=1095Kb free=4613Kb
 bounds [0x000001c649d70000, 0x000001c649fe0000, 0x000001c64a300000]
 total_blobs=475 nmethods=120 adapters=269
 compilation: enabled
              stopped_count=0, restarted_count=0
 full_count=0

Compilation events (20 events):
Event: 1.211 Thread 0x000001c65dc10110  107       3       java.lang.String::getBytes (46 bytes)
Event: 1.212 Thread 0x000001c65dc10110 nmethod 107 0x000001c64a31d210 code [0x000001c64a31d3e0, 0x000001c64a31d6f8]
Event: 1.215 Thread 0x000001c65d1dbce0  109       4       java.lang.String::isLatin1 (19 bytes)
Event: 1.216 Thread 0x000001c65d1dbce0 nmethod 109 0x000001c651837410 code [0x000001c651837580, 0x000001c651837618]
Event: 1.217 Thread 0x000001c65dc10110  110       3       java.lang.invoke.MethodTypeForm::canonicalize (74 bytes)
Event: 1.218 Thread 0x000001c65dc10110 nmethod 110 0x000001c64a31d810 code [0x000001c64a31da40, 0x000001c64a31e138]
Event: 1.218 Thread 0x000001c65dc10110  111       3       java.util.Arrays::copyOfRange (64 bytes)
Event: 1.220 Thread 0x000001c65dc10110 nmethod 111 0x000001c64a31e390 code [0x000001c64a31e600, 0x000001c64a31eef8]
Event: 1.220 Thread 0x000001c65dc10110  112       3       java.lang.StringBuilder::append (8 bytes)
Event: 1.220 Thread 0x000001c65dc10110 nmethod 112 0x000001c64a31f290 code [0x000001c64a31f420, 0x000001c64a31f568]
Event: 1.224 Thread 0x000001c65dc10110  116       3       java.lang.invoke.MemberName::isInvocable (8 bytes)
Event: 1.225 Thread 0x000001c65dc10110 nmethod 116 0x000001c64a31f610 code [0x000001c64a31f7c0, 0x000001c64a31fa58]
Event: 1.225 Thread 0x000001c65dc10110  117       1       java.lang.invoke.MemberName::getDeclaringClass (5 bytes)
Event: 1.225 Thread 0x000001c65dc10110 nmethod 117 0x000001c651838010 code [0x000001c6518381a0, 0x000001c651838278]
Event: 1.226 Thread 0x000001c65dc10110  118   !   3       java.lang.ref.ReferenceQueue::poll (28 bytes)
Event: 1.226 Thread 0x000001c65dc10110 nmethod 118 0x000001c64a31fb90 code [0x000001c64a31fd40, 0x000001c64a31ffc8]
Event: 1.226 Thread 0x000001c65dc10110  119       3       java.lang.invoke.MethodType::hashCode (53 bytes)
Event: 1.227 Thread 0x000001c65dc10110 nmethod 119 0x000001c64a320110 code [0x000001c64a3202c0, 0x000001c64a320638]
Event: 1.229 Thread 0x000001c65dc10110  120       3       java.util.Optional::orElse (16 bytes)
Event: 1.229 Thread 0x000001c65dc10110 nmethod 120 0x000001c64a320810 code [0x000001c64a3209a0, 0x000001c64a320b18]

GC Heap History (0 events):
No events

Deoptimization events (0 events):
No events

Classes unloaded (0 events):
No events

Classes redefined (0 events):
No events

Internal exceptions (4 events):
Event: 1.174 Thread 0x000001c6466aea70 Exception <a 'java/lang/ClassNotFoundException'{0x00000000c65fc8b8}: sun/awt/resources/spi/awtProvider> (0x00000000c65fc8b8) 
thrown [e:\jenkins\tmp\workspace\build\src\src\hotspot\share\classfile\systemDictionary.cpp, line 256]
Event: 1.236 Thread 0x000001c6466aea70 Exception <a 'java/lang/UnsatisfiedLinkError'{0x00000000c6418df8}> (0x00000000c6418df8) 
thrown [e:\jenkins\tmp\workspace\build\src\src\hotspot\share\prims\jvm.cpp, line 3381]
Event: 1.236 Thread 0x000001c6466aea70 Exception <a 'java/lang/UnsatisfiedLinkError'{0x00000000c6418df8}> (0x00000000c6418df8) 
thrown [e:\jenkins\tmp\workspace\build\src\src\hotspot\share\prims\jni.cpp, line 516]
Event: 1.236 Thread 0x000001c6466aea70 Exception <a 'java/lang/UnsatisfiedLinkError'{0x00000000c6418df8}> (0x00000000c6418df8) 
thrown [e:\jenkins\tmp\workspace\build\src\src\hotspot\share\oops\instanceKlass.cpp, line 1166]

VM Operations (0 events):
No events

Events (20 events):
Event: 1.214 loading class java/util/ResourceBundle$BundleReference done
Event: 1.214 loading class sun/awt/resources/awt_en
Event: 1.214 loading class sun/awt/resources/awt_en done
Event: 1.214 loading class sun/awt/resources/awt_en
Event: 1.214 loading class sun/awt/resources/awt_en done
Event: 1.223 loading class jdk/internal/module/Resources
Event: 1.223 loading class jdk/internal/module/Resources done
Event: 1.223 loading class jdk/internal/module/Checks
Event: 1.223 loading class jdk/internal/module/Checks done
Event: 1.231 loading class sun/awt/resources/awt_en_US
Event: 1.231 loading class sun/awt/resources/awt_en_US done
Event: 1.231 loading class sun/awt/resources/awt_en_US
Event: 1.231 loading class sun/awt/resources/awt_en_US done
Event: 1.231 loading class java/awt/Toolkit$2
Event: 1.231 loading class java/awt/Toolkit$2 done
Event: 1.235 Loading shared library C:\Users\YVES_MAURICE\Desktop\eclipse\plugins\org.eclipse.justj.openjdk.hotspot.jre.full.win32.x86_64_17.0.3.v20220515-1416\jre\bin\awt.dll failed, error code 1455
Event: 1.235 loading class java/lang/UnsatisfiedLinkError
Event: 1.235 loading class java/lang/UnsatisfiedLinkError done
Event: 1.236 loading class java/nio/CharBuffer
Event: 1.237 loading class java/lang/Readable


Dynamic libraries:
0x00007ff6642c0000 - 0x00007ff6642ce000 	C:\Users\YVES_MAURICE\Desktop\eclipse\plugins\org.eclipse.justj.openjdk.hotspot.jre.full.win32.x86_64_17.0.3.v20220515-1416\jre\bin\javaw.exe
0x00007ff85b170000 - 0x00007ff85b368000 	C:\WINDOWS\SYSTEM32\ntdll.dll
0x00007ff850320000 - 0x00007ff850339000 	C:\Program Files\Avast Software\Avast\aswhook.dll
0x00007ff859e50000 - 0x00007ff859f0f000 	C:\WINDOWS\System32\KERNEL32.DLL
0x00007ff858850000 - 0x00007ff858b46000 	C:\WINDOWS\System32\KERNELBASE.dll
0x00007ff858ec0000 - 0x00007ff858fc0000 	C:\WINDOWS\System32\ucrtbase.dll
0x00007ff80da60000 - 0x00007ff80da78000 	C:\Users\YVES_MAURICE\Desktop\eclipse\plugins\org.eclipse.justj.openjdk.hotspot.jre.full.win32.x86_64_17.0.3.v20220515-1416\jre\bin\jli.dll
0x00007ff8595e0000 - 0x00007ff85977d000 	C:\WINDOWS\System32\USER32.dll
0x00007ff858e20000 - 0x00007ff858e42000 	C:\WINDOWS\System32\win32u.dll
0x00007ff859950000 - 0x00007ff85997c000 	C:\WINDOWS\System32\GDI32.dll
0x00007ff858c70000 - 0x00007ff858d85000 	C:\WINDOWS\System32\gdi32full.dll
0x00007ff858bd0000 - 0x00007ff858c6d000 	C:\WINDOWS\System32\msvcp_win.dll
0x00007ff80d9f0000 - 0x00007ff80da09000 	C:\Users\YVES_MAURICE\Desktop\eclipse\plugins\org.eclipse.justj.openjdk.hotspot.jre.full.win32.x86_64_17.0.3.v20220515-1416\jre\bin\VCRUNTIME140.dll
0x00007ff83f6c0000 - 0x00007ff83f95a000 	C:\WINDOWS\WinSxS\amd64_microsoft.windows.common-controls_6595b64144ccf1df_6.0.19041.1110_none_60b5254171f9507e\COMCTL32.dll
0x00007ff859f10000 - 0x00007ff859fae000 	C:\WINDOWS\System32\msvcrt.dll
0x00007ff85a180000 - 0x00007ff85a1b0000 	C:\WINDOWS\System32\IMM32.DLL
0x00007ff83c050000 - 0x00007ff83c05c000 	C:\Users\YVES_MAURICE\Desktop\eclipse\plugins\org.eclipse.justj.openjdk.hotspot.jre.full.win32.x86_64_17.0.3.v20220515-1416\jre\bin\vcruntime140_1.dll
0x00007ffff6440000 - 0x00007ffff64d1000 	C:\Users\YVES_MAURICE\Desktop\eclipse\plugins\org.eclipse.justj.openjdk.hotspot.jre.full.win32.x86_64_17.0.3.v20220515-1416\jre\bin\msvcp140.dll
0x00007ff8025b0000 - 0x00007ff8031f8000 	C:\Users\YVES_MAURICE\Desktop\eclipse\plugins\org.eclipse.justj.openjdk.hotspot.jre.full.win32.x86_64_17.0.3.v20220515-1416\jre\bin\server\jvm.dll
0x00007ff859780000 - 0x00007ff85982f000 	C:\WINDOWS\System32\ADVAPI32.dll
0x00007ff85a310000 - 0x00007ff85a3ac000 	C:\WINDOWS\System32\sechost.dll
0x00007ff8592a0000 - 0x00007ff8593c6000 	C:\WINDOWS\System32\RPCRT4.dll
0x00007ff85a080000 - 0x00007ff85a088000 	C:\WINDOWS\System32\PSAPI.DLL
0x00007ff846a60000 - 0x00007ff846a69000 	C:\WINDOWS\SYSTEM32\WSOCK32.dll
0x00007ff85a840000 - 0x00007ff85a8ab000 	C:\WINDOWS\System32\WS2_32.dll
0x00007ff8392d0000 - 0x00007ff8392f7000 	C:\WINDOWS\SYSTEM32\WINMM.dll
0x00007ff849570000 - 0x00007ff84957a000 	C:\WINDOWS\SYSTEM32\VERSION.dll
0x00007ff8570f0000 - 0x00007ff857102000 	C:\WINDOWS\SYSTEM32\kernel.appcore.dll
0x00007ff849960000 - 0x00007ff84996a000 	C:\Users\YVES_MAURICE\Desktop\eclipse\plugins\org.eclipse.justj.openjdk.hotspot.jre.full.win32.x86_64_17.0.3.v20220515-1416\jre\bin\jimage.dll
0x00007ff856db0000 - 0x00007ff856f94000 	C:\WINDOWS\SYSTEM32\DBGHELP.DLL
0x00007ff849530000 - 0x00007ff849564000 	C:\WINDOWS\SYSTEM32\dbgcore.DLL
0x00007ff858d90000 - 0x00007ff858e12000 	C:\WINDOWS\System32\bcryptPrimitives.dll
0x00007ff80ec80000 - 0x00007ff80eca5000 	C:\Users\YVES_MAURICE\Desktop\eclipse\plugins\org.eclipse.justj.openjdk.hotspot.jre.full.win32.x86_64_17.0.3.v20220515-1416\jre\bin\java.dll
0x00007ff80e020000 - 0x00007ff80e038000 	C:\Users\YVES_MAURICE\Desktop\eclipse\plugins\org.eclipse.justj.openjdk.hotspot.jre.full.win32.x86_64_17.0.3.v20220515-1416\jre\bin\zip.dll
0x00007ff85a980000 - 0x00007ff85b0c4000 	C:\WINDOWS\System32\SHELL32.dll
0x00007ff856540000 - 0x00007ff856cd3000 	C:\WINDOWS\SYSTEM32\windows.storage.dll
0x00007ff85a3b0000 - 0x00007ff85a704000 	C:\WINDOWS\System32\combase.dll
0x00007ff8581d0000 - 0x00007ff8581fe000 	C:\WINDOWS\SYSTEM32\Wldp.dll
0x00007ff8591e0000 - 0x00007ff85928d000 	C:\WINDOWS\System32\SHCORE.dll
0x00007ff8593d0000 - 0x00007ff859425000 	C:\WINDOWS\System32\shlwapi.dll
0x00007ff858790000 - 0x00007ff8587af000 	C:\WINDOWS\SYSTEM32\profapi.dll

dbghelp: loaded successfully - version: 4.0.5 - missing functions: none
symbol engine: initialized successfully - sym options: 0x614 - pdb path: .;C:\Users\YVES_MAURICE\Desktop\eclipse\plugins\org.eclipse.justj.openjdk.hotspot.jre.full.win32.x86_64_17.0.3.v20220515-1416\jre\bin;C:\WINDOWS\SYSTEM32;C:\Program Files\Avast Software\Avast;C:\WINDOWS\WinSxS\amd64_microsoft.windows.common-controls_6595b64144ccf1df_6.0.19041.1110_none_60b5254171f9507e;C:\Users\YVES_MAURICE\Desktop\eclipse\plugins\org.eclipse.justj.openjdk.hotspot.jre.full.win32.x86_64_17.0.3.v20220515-1416\jre\bin\server

VM Arguments:
jvm_args: -Dfile.encoding=UTF-8 -XX:+ShowCodeDetailsInExceptionMessages 
java_command: Transcript.Transcript
java_class_path (initial): C:\Users\YVES_MAURICE\eclipse-workspace\StudentInformationsystem\bin;C:\Users\YVES_MAURICE\Documents\mysql-connector-java-5.1.15-bin.jar
Launcher Type: SUN_STANDARD

[Global flags]
     intx CICompilerCount                          = 2                                         {product} {ergonomic}
     uint ConcGCThreads                            = 1                                         {product} {ergonomic}
     uint G1ConcRefinementThreads                  = 2                                         {product} {ergonomic}
   size_t G1HeapRegionSize                         = 1048576                                   {product} {ergonomic}
    uintx GCDrainStackTargetSize                   = 64                                        {product} {ergonomic}
   size_t InitialHeapSize                          = 65011712                                  {product} {ergonomic}
   size_t MarkStackSize                            = 4194304                                   {product} {ergonomic}
   size_t MaxHeapSize                              = 1031798784                                {product} {ergonomic}
   size_t MaxNewSize                               = 618659840                                 {product} {ergonomic}
   size_t MinHeapDeltaBytes                        = 1048576                                   {product} {ergonomic}
   size_t MinHeapSize                              = 8388608                                   {product} {ergonomic}
    uintx NonNMethodCodeHeapSize                   = 5826188                                {pd product} {ergonomic}
    uintx NonProfiledCodeHeapSize                  = 122916026                              {pd product} {ergonomic}
    uintx ProfiledCodeHeapSize                     = 122916026                              {pd product} {ergonomic}
    uintx ReservedCodeCacheSize                    = 251658240                              {pd product} {ergonomic}
     bool SegmentedCodeCache                       = true                                      {product} {ergonomic}
     bool ShowCodeDetailsInExceptionMessages       = true                                   {manageable} {command line}
   size_t SoftMaxHeapSize                          = 1031798784                             {manageable} {ergonomic}
     bool UseCompressedClassPointers               = true                           {product lp64_product} {ergonomic}
     bool UseCompressedOops                        = true                           {product lp64_product} {ergonomic}
     bool UseG1GC                                  = true                                      {product} {ergonomic}
     bool UseLargePagesIndividualAllocation        = false                                  {pd product} {ergonomic}

Logging:
Log output configuration:
 #0: stdout all=warning uptime,level,tags
 #1: stderr all=off uptime,level,tags

Environment Variables:
PATH=C:/Users/YVES_MAURICE/Desktop/eclipse//plugins/org.eclipse.justj.openjdk.hotspot.jre.full.win32.x86_64_17.0.3.v20220515-1416/jre/bin/server;C:/Users/YVES_MAURICE/Desktop/eclipse//plugins/org.eclipse.justj.openjdk.hotspot.jre.full.win32.x86_64_17.0.3.v20220515-1416/jre/bin;C:\Program Files (x86)\Common Files\Intel\Shared Libraries\redist\intel64_win\compiler;C:\WINDOWS\system32;C:\WINDOWS;C:\WINDOWS\System32\Wbem;C:\WINDOWS\System32\WindowsPowerShell\v1.0\;C:\WINDOWS\System32\OpenSSH\;C:\Users\YVES_MAURICE\AppData\Local\Microsoft\WindowsApps;;C:\Users\YVES_MAURICE\Desktop\eclipse;
USERNAME=YVES_MAURICE
OS=Windows_NT
PROCESSOR_IDENTIFIER=Intel64 Family 6 Model 76 Stepping 4, GenuineIntel



---------------  S Y S T E M  ---------------

OS:
 Windows 10 , 64 bit Build 19041 (10.0.19041.2913)
OS uptime: 0 days 3:33 hours

CPU: total 2 (initial active 2) (2 cores per cpu, 1 threads per core) family 6 model 76 stepping 4 microcode 0x411, cx8, cmov, fxsr, mmx, 3dnowpref, sse, sse2, sse3, ssse3, sse4.1, sse4.2, popcnt, tsc, tscinvbit, aes, erms, clmul, clflush

Memory: 4k page, system-wide physical 3931M (627M free)
TotalPageFile size 10619M (AvailPageFile size 3M)
current process WorkingSet (physical memory assigned to process): 31M, peak: 31M
current process commit charge ("private bytes"): 123M, peak: 123M

vm_info: OpenJDK 64-Bit Server VM (17.0.3+7) for windows-amd64 JRE (17.0.3+7), built on Apr 19 2022 16:55:35 by "" with MS VC++ 16.7 (VS2019)

END.
