#
# There is insufficient memory for the Java Runtime Environment to continue.
# Native memory allocation (mmap) failed to map 65011712 bytes for G1 virtual space
# Possible reasons:
#   The system is out of physical RAM or swap space
#   The process is running with CompressedOops enabled, and the Java Heap may be blocking the growth of the native heap
# Possible solutions:
#   Reduce memory load on the system
#   Increase physical memory or swap space
#   Check if swap backing store is full
#   Decrease Java heap size (-Xmx/-Xms)
#   Decrease number of Java threads
#   Decrease Java thread stack sizes (-Xss)
#   Set larger code cache with -XX:ReservedCodeCacheSize=
#   JVM is running with Unscaled Compressed Oops mode in which the Java heap is
#     placed in the first 4GB address space. The Java Heap base address is the
#     maximum limit for the native heap growth. Please use -XX:HeapBaseMinAddress
#     to set the Java Heap base and to place the Java Heap above 4GB virtual address.
# This output file may be truncated or incomplete.
#
#  Out of Memory Error (os_windows.cpp:3535), pid=11388, tid=13168
#
# JRE version:  (17.0.3+7) (build )
# Java VM: OpenJDK 64-Bit Server VM (17.0.3+7, mixed mode, sharing, tiered, compressed oops, compressed class ptrs, g1 gc, windows-amd64)
# No core dump will be written. Minidumps are not enabled by default on client versions of Windows
#

---------------  S U M M A R Y ------------

Command Line: -Dfile.encoding=UTF-8 -XX:+ShowCodeDetailsInExceptionMessages LoginAndSinup.Signup

Host: Intel(R) Celeron(R) CPU  N3060  @ 1.60GHz, 2 cores, 3G,  Windows 10 , 64 bit Build 19041 (10.0.19041.2913)
Time: Mon Jun 12 16:11:30 2023 South Africa Standard Time elapsed time: 0.917509 seconds (0d 0h 0m 0s)

---------------  T H R E A D  ---------------

Current thread (0x0000021b0df8df90):  JavaThread "Unknown thread" [_thread_in_vm, id=13168, stack(0x000000f1f0300000,0x000000f1f0400000)]

Stack: [0x000000f1f0300000,0x000000f1f0400000]
Native frames: (J=compiled Java code, j=interpreted, Vv=VM code, C=native code)
V  [jvm.dll+0x675efa]
V  [jvm.dll+0x830a24]
V  [jvm.dll+0x8321ce]
V  [jvm.dll+0x832833]
V  [jvm.dll+0x2454b5]
V  [jvm.dll+0x672de9]
V  [jvm.dll+0x667732]
V  [jvm.dll+0x3043ab]
V  [jvm.dll+0x30b8f6]
V  [jvm.dll+0x35b62e]
V  [jvm.dll+0x35b85f]
V  [jvm.dll+0x2db248]
V  [jvm.dll+0x2dc1b4]
V  [jvm.dll+0x802651]
V  [jvm.dll+0x3693b1]
V  [jvm.dll+0x7e1aac]
V  [jvm.dll+0x3ebd8f]
V  [jvm.dll+0x3ed911]
C  [jli.dll+0x5277]
C  [ucrtbase.dll+0x21bb2]
C  [KERNEL32.DLL+0x17614]
C  [ntdll.dll+0x526a1]


---------------  P R O C E S S  ---------------

Threads class SMR info:
_java_thread_list=0x00007ff8030c6e98, length=0, elements={
}

Java Threads: ( => current thread )

Other Threads:
  0x0000021b0e0db220 GCTaskThread "GC Thread#0" [stack: 0x000000f1f0400000,0x000000f1f0500000] [id=4160]
  0x0000021b0e0e3c60 ConcurrentGCThread "G1 Main Marker" [stack: 0x000000f1f0500000,0x000000f1f0600000] [id=11280]
  0x0000021b0e0e5890 ConcurrentGCThread "G1 Conc#0" [stack: 0x000000f1f0600000,0x000000f1f0700000] [id=13440]

[error occurred during error reporting (printing all threads), id 0xc0000005, EXCEPTION_ACCESS_VIOLATION (0xc0000005) at pc=0x00007ff80289bcd7]

VM state: not at safepoint (not fully initialized)

VM Mutex/Monitor currently owned by a thread:  ([mutex/lock_event])
[0x0000021b0e09c280] Heap_lock - owner thread: 0x0000021b0df8df90

Heap address: 0x00000000c2800000, size: 984 MB, Compressed Oops mode: 32-bit

CDS archive(s) mapped at: [0x0000000000000000-0x0000000000000000-0x0000000000000000), size 0, SharedBaseAddress: 0x0000000800000000, ArchiveRelocationMode: 0.
Narrow klass base: 0x0000000000000000, Narrow klass shift: 0, Narrow klass range: 0x0

GC Precious Log:
<Empty>

Heap:
 garbage-first heap   total 0K, used 0K [0x00000000c2800000, 0x0000000100000000)
  region size 1024K, 0 young (0K), 0 survivors (0K)

[error occurred during error reporting (printing heap information), id 0xc0000005, EXCEPTION_ACCESS_VIOLATION (0xc0000005) at pc=0x00007ff802c7f249]

GC Heap History (0 events):
No events

Deoptimization events (0 events):
No events

Classes unloaded (0 events):
No events

Classes redefined (0 events):
No events

Internal exceptions (0 events):
No events

VM Operations (0 events):
No events

Events (1 events):
Event: 0.456 Loaded shared library C:\Users\YVES_MAURICE\Desktop\eclipse\plugins\org.eclipse.justj.openjdk.hotspot.jre.full.win32.x86_64_17.0.3.v20220515-1416\jre\bin\java.dll


Dynamic libraries:
0x00007ff6642c0000 - 0x00007ff6642ce000 	C:\Users\YVES_MAURICE\Desktop\eclipse\plugins\org.eclipse.justj.openjdk.hotspot.jre.full.win32.x86_64_17.0.3.v20220515-1416\jre\bin\javaw.exe
0x00007ff85b170000 - 0x00007ff85b368000 	C:\WINDOWS\SYSTEM32\ntdll.dll
0x00007ff850320000 - 0x00007ff850339000 	C:\Program Files\Avast Software\Avast\aswhook.dll
0x00007ff859e50000 - 0x00007ff859f0f000 	C:\WINDOWS\System32\KERNEL32.DLL
0x00007ff858850000 - 0x00007ff858b46000 	C:\WINDOWS\System32\KERNELBASE.dll
0x00007ff858ec0000 - 0x00007ff858fc0000 	C:\WINDOWS\System32\ucrtbase.dll
0x00007ff8519b0000 - 0x00007ff8519c8000 	C:\Users\YVES_MAURICE\Desktop\eclipse\plugins\org.eclipse.justj.openjdk.hotspot.jre.full.win32.x86_64_17.0.3.v20220515-1416\jre\bin\jli.dll
0x00007ff850770000 - 0x00007ff850789000 	C:\Users\YVES_MAURICE\Desktop\eclipse\plugins\org.eclipse.justj.openjdk.hotspot.jre.full.win32.x86_64_17.0.3.v20220515-1416\jre\bin\VCRUNTIME140.dll
0x00007ff8595e0000 - 0x00007ff85977d000 	C:\WINDOWS\System32\USER32.dll
0x00007ff858e20000 - 0x00007ff858e42000 	C:\WINDOWS\System32\win32u.dll
0x00007ff859950000 - 0x00007ff85997c000 	C:\WINDOWS\System32\GDI32.dll
0x00007ff858c70000 - 0x00007ff858d85000 	C:\WINDOWS\System32\gdi32full.dll
0x00007ff858bd0000 - 0x00007ff858c6d000 	C:\WINDOWS\System32\msvcp_win.dll
0x00007ff83f6c0000 - 0x00007ff83f95a000 	C:\WINDOWS\WinSxS\amd64_microsoft.windows.common-controls_6595b64144ccf1df_6.0.19041.1110_none_60b5254171f9507e\COMCTL32.dll
0x00007ff859f10000 - 0x00007ff859fae000 	C:\WINDOWS\System32\msvcrt.dll
0x00007ff85a180000 - 0x00007ff85a1b0000 	C:\WINDOWS\System32\IMM32.DLL
0x00007ff8507a0000 - 0x00007ff8507ac000 	C:\Users\YVES_MAURICE\Desktop\eclipse\plugins\org.eclipse.justj.openjdk.hotspot.jre.full.win32.x86_64_17.0.3.v20220515-1416\jre\bin\vcruntime140_1.dll
0x00007ff847880000 - 0x00007ff847911000 	C:\Users\YVES_MAURICE\Desktop\eclipse\plugins\org.eclipse.justj.openjdk.hotspot.jre.full.win32.x86_64_17.0.3.v20220515-1416\jre\bin\msvcp140.dll
0x00007ff8025b0000 - 0x00007ff8031f8000 	C:\Users\YVES_MAURICE\Desktop\eclipse\plugins\org.eclipse.justj.openjdk.hotspot.jre.full.win32.x86_64_17.0.3.v20220515-1416\jre\bin\server\jvm.dll
0x00007ff859780000 - 0x00007ff85982f000 	C:\WINDOWS\System32\ADVAPI32.dll
0x00007ff85a310000 - 0x00007ff85a3ac000 	C:\WINDOWS\System32\sechost.dll
0x00007ff8592a0000 - 0x00007ff8593c6000 	C:\WINDOWS\System32\RPCRT4.dll
0x00007ff85a080000 - 0x00007ff85a088000 	C:\WINDOWS\System32\PSAPI.DLL
0x00007ff846a60000 - 0x00007ff846a69000 	C:\WINDOWS\SYSTEM32\WSOCK32.dll
0x00007ff85a840000 - 0x00007ff85a8ab000 	C:\WINDOWS\System32\WS2_32.dll
0x00007ff8392d0000 - 0x00007ff8392f7000 	C:\WINDOWS\SYSTEM32\WINMM.dll
0x00007ff849570000 - 0x00007ff84957a000 	C:\WINDOWS\SYSTEM32\VERSION.dll
0x00007ff8570f0000 - 0x00007ff857102000 	C:\WINDOWS\SYSTEM32\kernel.appcore.dll
0x00007ff849960000 - 0x00007ff84996a000 	C:\Users\YVES_MAURICE\Desktop\eclipse\plugins\org.eclipse.justj.openjdk.hotspot.jre.full.win32.x86_64_17.0.3.v20220515-1416\jre\bin\jimage.dll
0x00007ff856db0000 - 0x00007ff856f94000 	C:\WINDOWS\SYSTEM32\DBGHELP.DLL
0x00007ff849530000 - 0x00007ff849564000 	C:\WINDOWS\SYSTEM32\dbgcore.DLL
0x00007ff858d90000 - 0x00007ff858e12000 	C:\WINDOWS\System32\bcryptPrimitives.dll
0x00007ff80ec80000 - 0x00007ff80eca5000 	C:\Users\YVES_MAURICE\Desktop\eclipse\plugins\org.eclipse.justj.openjdk.hotspot.jre.full.win32.x86_64_17.0.3.v20220515-1416\jre\bin\java.dll

dbghelp: loaded successfully - version: 4.0.5 - missing functions: none
symbol engine: initialized successfully - sym options: 0x614 - pdb path: .;C:\Users\YVES_MAURICE\Desktop\eclipse\plugins\org.eclipse.justj.openjdk.hotspot.jre.full.win32.x86_64_17.0.3.v20220515-1416\jre\bin;C:\WINDOWS\SYSTEM32;C:\Program Files\Avast Software\Avast;C:\WINDOWS\WinSxS\amd64_microsoft.windows.common-controls_6595b64144ccf1df_6.0.19041.1110_none_60b5254171f9507e;C:\Users\YVES_MAURICE\Desktop\eclipse\plugins\org.eclipse.justj.openjdk.hotspot.jre.full.win32.x86_64_17.0.3.v20220515-1416\jre\bin\server

VM Arguments:
jvm_args: -Dfile.encoding=UTF-8 -XX:+ShowCodeDetailsInExceptionMessages 
java_command: LoginAndSinup.Signup
java_class_path (initial): C:\Users\YVES_MAURICE\eclipse-workspace\StudentInformationsystem\bin;C:\Users\YVES_MAURICE\Documents\mysql-connector-java-5.1.15-bin.jar
Launcher Type: SUN_STANDARD

[Global flags]
     intx CICompilerCount                          = 2                                         {product} {ergonomic}
     uint ConcGCThreads                            = 1                                         {product} {ergonomic}
     uint G1ConcRefinementThreads                  = 2                                         {product} {ergonomic}
   size_t G1HeapRegionSize                         = 1048576                                   {product} {ergonomic}
    uintx GCDrainStackTargetSize                   = 64                                        {product} {ergonomic}
   size_t InitialHeapSize                          = 65011712                                  {product} {ergonomic}
   size_t MarkStackSize                            = 4194304                                   {product} {ergonomic}
   size_t MaxHeapSize                              = 1031798784                                {product} {ergonomic}
   size_t MinHeapDeltaBytes                        = 1048576                                   {product} {ergonomic}
   size_t MinHeapSize                              = 8388608                                   {product} {ergonomic}
    uintx NonNMethodCodeHeapSize                   = 5826188                                {pd product} {ergonomic}
    uintx NonProfiledCodeHeapSize                  = 122916026                              {pd product} {ergonomic}
    uintx ProfiledCodeHeapSize                     = 122916026                              {pd product} {ergonomic}
    uintx ReservedCodeCacheSize                    = 251658240                              {pd product} {ergonomic}
     bool SegmentedCodeCache                       = true                                      {product} {ergonomic}
     bool ShowCodeDetailsInExceptionMessages       = true                                   {manageable} {command line}
   size_t SoftMaxHeapSize                          = 1031798784                             {manageable} {ergonomic}
     bool UseCompressedClassPointers               = true                           {product lp64_product} {ergonomic}
     bool UseCompressedOops                        = true                           {product lp64_product} {ergonomic}
     bool UseG1GC                                  = true                                      {product} {ergonomic}
     bool UseLargePagesIndividualAllocation        = false                                  {pd product} {ergonomic}

Logging:
Log output configuration:
 #0: stdout all=warning uptime,level,tags
 #1: stderr all=off uptime,level,tags

Environment Variables:
PATH=C:/Users/YVES_MAURICE/Desktop/eclipse//plugins/org.eclipse.justj.openjdk.hotspot.jre.full.win32.x86_64_17.0.3.v20220515-1416/jre/bin/server;C:/Users/YVES_MAURICE/Desktop/eclipse//plugins/org.eclipse.justj.openjdk.hotspot.jre.full.win32.x86_64_17.0.3.v20220515-1416/jre/bin;C:\Program Files (x86)\Common Files\Intel\Shared Libraries\redist\intel64_win\compiler;C:\WINDOWS\system32;C:\WINDOWS;C:\WINDOWS\System32\Wbem;C:\WINDOWS\System32\WindowsPowerShell\v1.0\;C:\WINDOWS\System32\OpenSSH\;C:\Users\YVES_MAURICE\AppData\Local\Microsoft\WindowsApps;;C:\Users\YVES_MAURICE\Desktop\eclipse;
USERNAME=YVES_MAURICE
OS=Windows_NT
PROCESSOR_IDENTIFIER=Intel64 Family 6 Model 76 Stepping 4, GenuineIntel



---------------  S Y S T E M  ---------------

OS:
 Windows 10 , 64 bit Build 19041 (10.0.19041.2913)
OS uptime: 0 days 5:26 hours

CPU: total 2 (initial active 2) (2 cores per cpu, 1 threads per core) family 6 model 76 stepping 4 microcode 0x411, cx8, cmov, fxsr, mmx, 3dnowpref, sse, sse2, sse3, ssse3, sse4.1, sse4.2, popcnt, tsc, tscinvbit, aes, erms, clmul, clflush

Memory: 4k page, system-wide physical 3931M (411M free)
TotalPageFile size 10619M (AvailPageFile size 18M)
current process WorkingSet (physical memory assigned to process): 9M, peak: 9M
current process commit charge ("private bytes"): 47M, peak: 109M

vm_info: OpenJDK 64-Bit Server VM (17.0.3+7) for windows-amd64 JRE (17.0.3+7), built on Apr 19 2022 16:55:35 by "" with MS VC++ 16.7 (VS2019)

END.
